  SFMLProject.cpp
D:\projects\SFMLProject\SFMLProject\SpaceSurvival.h(30,29): warning C4244: 'bağımsız değişken': 'int' - 'float' dönüşümü; veri kaybı olabilir
D:\projects\SFMLProject\SFMLProject\SpaceSurvival.h(30,22): warning C4244: 'bağımsız değişken': 'int' - 'float' dönüşümü; veri kaybı olabilir
D:\projects\SFMLProject\SFMLProject\SpaceSurvival.h(59,8): warning C4244: '=': 'int' - 'float' dönüşümü; veri kaybı olabilir
D:\projects\SFMLProject\SFMLProject\SpaceSurvival.h(60,7): warning C4244: '=': 'int' - 'float' dönüşümü; veri kaybı olabilir
D:\projects\SFMLProject\SFMLProject\SpaceSurvival.h(62,7): warning C4244: '=': 'int' - 'float' dönüşümü; veri kaybı olabilir
D:\projects\SFMLProject\SFMLProject\SpaceSurvival.h(81,20): warning C4244: '=': 'int' - 'float' dönüşümü; veri kaybı olabilir
D:\projects\SFMLProject\SFMLProject\SpaceSurvival.h(82,20): warning C4244: '=': 'int' - 'float' dönüşümü; veri kaybı olabilir
D:\projects\SFMLProject\SFMLProject\SpaceSurvival.h(176,1): warning C4305: 'bağımsız değişken': 'double' iken 'float' olarak kesildi
D:\projects\SFMLProject\SFMLProject\SpaceSurvival.h(177,1): warning C4305: 'bağımsız değişken': 'double' iken 'float' olarak kesildi
D:\projects\SFMLProject\SFMLProject\SpaceSurvival.h(184,56): warning C4244: 'bağımsız değişken': 'int' - 'float' dönüşümü; veri kaybı olabilir
D:\projects\SFMLProject\SFMLProject\SpaceSurvival.h(206,32): warning C4244: 'bağımsız değişken': 'float' - 'int' dönüşümü; veri kaybı olabilir
D:\projects\SFMLProject\SFMLProject\SpaceSurvival.h(206,29): warning C4244: 'bağımsız değişken': 'float' - 'int' dönüşümü; veri kaybı olabilir
D:\projects\SFMLProject\SFMLProject\SpaceSurvival.h(243,67): warning C4244: 'bağımsız değişken': 'int' - 'float' dönüşümü; veri kaybı olabilir
D:\projects\SFMLProject\SFMLProject\SpaceSurvival.h(259,12): warning C4244: '=': 'double' - 'float' dönüşümü; veri kaybı olabilir
D:\projects\SFMLProject\SFMLProject\SpaceSurvival.h(260,12): warning C4244: '=': 'double' - 'float' dönüşümü; veri kaybı olabilir
D:\projects\SFMLProject\SFMLProject\SpaceSurvival.h(263,12): warning C4244: '=': 'double' - 'float' dönüşümü; veri kaybı olabilir
D:\projects\SFMLProject\SFMLProject\SpaceSurvival.h(264,12): warning C4244: '=': 'double' - 'float' dönüşümü; veri kaybı olabilir
D:\projects\SFMLProject\SFMLProject\tredRace.h(13,18): warning C4305: 'başlatılıyor': 'double' iken 'float' olarak kesildi
D:\projects\SFMLProject\SFMLProject\tredRace.h(42,39): warning C4244: 'bağımsız değişken': 'int' - 'T' dönüşümü; veri kaybı olabilir
          with
          [
              T=float
          ]
D:\projects\SFMLProject\SFMLProject\tredRace.h(42,33): warning C4244: 'bağımsız değişken': 'int' - 'T' dönüşümü; veri kaybı olabilir
          with
          [
              T=float
          ]
D:\projects\SFMLProject\SFMLProject\tredRace.h(43,39): warning C4244: 'bağımsız değişken': 'int' - 'T' dönüşümü; veri kaybı olabilir
          with
          [
              T=float
          ]
D:\projects\SFMLProject\SFMLProject\tredRace.h(43,33): warning C4244: 'bağımsız değişken': 'int' - 'T' dönüşümü; veri kaybı olabilir
          with
          [
              T=float
          ]
D:\projects\SFMLProject\SFMLProject\tredRace.h(44,39): warning C4244: 'bağımsız değişken': 'int' - 'T' dönüşümü; veri kaybı olabilir
          with
          [
              T=float
          ]
D:\projects\SFMLProject\SFMLProject\tredRace.h(44,33): warning C4244: 'bağımsız değişken': 'int' - 'T' dönüşümü; veri kaybı olabilir
          with
          [
              T=float
          ]
D:\projects\SFMLProject\SFMLProject\tredRace.h(45,39): warning C4244: 'bağımsız değişken': 'int' - 'T' dönüşümü; veri kaybı olabilir
          with
          [
              T=float
          ]
D:\projects\SFMLProject\SFMLProject\tredRace.h(45,33): warning C4244: 'bağımsız değişken': 'int' - 'T' dönüşümü; veri kaybı olabilir
          with
          [
              T=float
          ]
D:\projects\SFMLProject\SFMLProject\tredRace.h(53,1): warning C4267: 'bağımsız değişken': 'size_t' - 'int' dönüşümü; veri kaybı olabilir
D:\projects\SFMLProject\SFMLProject\tredRace.h(53,18): warning C4244: 'bağımsız değişken': 'float' - 'int' dönüşümü; veri kaybı olabilir
D:\projects\SFMLProject\SFMLProject\tredRace.h(58,12): warning C4244: '=': 'float' - 'int' dönüşümü; veri kaybı olabilir
D:\projects\SFMLProject\SFMLProject\tredRace.h(66,47): warning C4244: 'bağımsız değişken': 'float' - 'int' dönüşümü; veri kaybı olabilir
D:\projects\SFMLProject\SFMLProject\tredRace.h(66,32): warning C4244: 'bağımsız değişken': 'float' - 'int' dönüşümü; veri kaybı olabilir
D:\projects\SFMLProject\SFMLProject\tredRace.h(67,66): warning C4244: 'bağımsız değişken': 'double' - 'int' dönüşümü; veri kaybı olabilir
D:\projects\SFMLProject\SFMLProject\tredRace.h(67,58): warning C4244: 'bağımsız değişken': 'float' - 'int' dönüşümü; veri kaybı olabilir
D:\projects\SFMLProject\SFMLProject\tredRace.h(67,53): warning C4244: 'bağımsız değişken': 'float' - 'int' dönüşümü; veri kaybı olabilir
D:\projects\SFMLProject\SFMLProject\tredRace.h(67,45): warning C4244: 'bağımsız değişken': 'double' - 'int' dönüşümü; veri kaybı olabilir
D:\projects\SFMLProject\SFMLProject\tredRace.h(67,37): warning C4244: 'bağımsız değişken': 'float' - 'int' dönüşümü; veri kaybı olabilir
D:\projects\SFMLProject\SFMLProject\tredRace.h(67,32): warning C4244: 'bağımsız değişken': 'float' - 'int' dönüşümü; veri kaybı olabilir
D:\projects\SFMLProject\SFMLProject\tredRace.h(68,52): warning C4244: 'bağımsız değişken': 'float' - 'int' dönüşümü; veri kaybı olabilir
D:\projects\SFMLProject\SFMLProject\tredRace.h(68,47): warning C4244: 'bağımsız değişken': 'float' - 'int' dönüşümü; veri kaybı olabilir
D:\projects\SFMLProject\SFMLProject\tredRace.h(68,42): warning C4244: 'bağımsız değişken': 'float' - 'int' dönüşümü; veri kaybı olabilir
D:\projects\SFMLProject\SFMLProject\tredRace.h(68,37): warning C4244: 'bağımsız değişken': 'float' - 'int' dönüşümü; veri kaybı olabilir
D:\projects\SFMLProject\SFMLProject\tredRace.h(68,32): warning C4244: 'bağımsız değişken': 'float' - 'int' dönüşümü; veri kaybı olabilir
D:\projects\SFMLProject\SFMLProject\tredRace.h(68,27): warning C4244: 'bağımsız değişken': 'float' - 'int' dönüşümü; veri kaybı olabilir
D:\projects\SFMLProject\SFMLProject\tredRace.h(82,15): warning C4244: '=': 'int' - 'float' dönüşümü; veri kaybı olabilir
D:\projects\SFMLProject\SFMLProject\tredRace.h(89,13): warning C4244: 'başlatılıyor': 'double' - 'float' dönüşümü; veri kaybı olabilir
D:\projects\SFMLProject\SFMLProject\tredRace.h(123,1): warning C4267: '-=': 'size_t' - 'int' dönüşümü; veri kaybı olabilir
D:\projects\SFMLProject\SFMLProject\tredRace.h(124,1): warning C4267: '+=': 'size_t' - 'int' dönüşümü; veri kaybı olabilir
D:\projects\SFMLProject\SFMLProject\tredRace.h(133,13): warning C4244: 'başlatılıyor': 'float' - 'int' dönüşümü; veri kaybı olabilir
D:\projects\SFMLProject\SFMLProject\Raycasting.h(64,16): warning C4244: 'return': 'double' - 'float' dönüşümü; veri kaybı olabilir
D:\projects\SFMLProject\SFMLProject\Raycasting.h(90,38): warning C4244: 'bağımsız değişken': 'float' - 'GLint' dönüşümü; veri kaybı olabilir
D:\projects\SFMLProject\SFMLProject\Raycasting.h(90,34): warning C4244: 'bağımsız değişken': 'float' - 'GLint' dönüşümü; veri kaybı olabilir
D:\projects\SFMLProject\SFMLProject\Raycasting.h(91,38): warning C4244: 'bağımsız değişken': 'float' - 'GLint' dönüşümü; veri kaybı olabilir
D:\projects\SFMLProject\SFMLProject\Raycasting.h(91,34): warning C4244: 'bağımsız değişken': 'float' - 'GLint' dönüşümü; veri kaybı olabilir
D:\projects\SFMLProject\SFMLProject\Raycasting.h(91,72): warning C4244: 'bağımsız değişken': 'float' - 'GLint' dönüşümü; veri kaybı olabilir
D:\projects\SFMLProject\SFMLProject\Raycasting.h(91,57): warning C4244: 'bağımsız değişken': 'float' - 'GLint' dönüşümü; veri kaybı olabilir
D:\projects\SFMLProject\SFMLProject\Raycasting.h(96,23): warning C4244: 'bağımsız değişken': 'float' - 'int' dönüşümü; veri kaybı olabilir
D:\projects\SFMLProject\SFMLProject\Raycasting.h(96,56): warning C4244: 'bağımsız değişken': 'float' - 'int' dönüşümü; veri kaybı olabilir
D:\projects\SFMLProject\SFMLProject\Raycasting.h(108,21): warning C4244: 'bağımsız değişken': 'float' - 'int' dönüşümü; veri kaybı olabilir
D:\projects\SFMLProject\SFMLProject\Raycasting.h(108,17): warning C4244: '=': 'int' - 'float' dönüşümü; veri kaybı olabilir
D:\projects\SFMLProject\SFMLProject\Raycasting.h(114,29): warning C4244: 'bağımsız değişken': 'float' - 'int' dönüşümü; veri kaybı olabilir
D:\projects\SFMLProject\SFMLProject\Raycasting.h(115,21): warning C4244: 'bağımsız değişken': 'float' - 'int' dönüşümü; veri kaybı olabilir
D:\projects\SFMLProject\SFMLProject\Raycasting.h(116,32): warning C4244: '=': 'int' - 'float' dönüşümü; veri kaybı olabilir
D:\projects\SFMLProject\SFMLProject\Raycasting.h(120,26): warning C4244: 'bağımsız değişken': 'float' - 'int' dönüşümü; veri kaybı olabilir
D:\projects\SFMLProject\SFMLProject\Raycasting.h(120,70): warning C4244: '=': 'double' - 'float' dönüşümü; veri kaybı olabilir
D:\projects\SFMLProject\SFMLProject\Raycasting.h(125,96): warning C4244: 'bağımsız değişken': 'float' - 'int' dönüşümü; veri kaybı olabilir
D:\projects\SFMLProject\SFMLProject\Raycasting.h(125,128): warning C4244: 'bağımsız değişken': 'float' - 'int' dönüşümü; veri kaybı olabilir
D:\projects\SFMLProject\SFMLProject\Raycasting.h(132,14): warning C4244: '=': 'double' - 'float' dönüşümü; veri kaybı olabilir
D:\projects\SFMLProject\SFMLProject\Raycasting.h(133,21): warning C4244: 'bağımsız değişken': 'float' - 'int' dönüşümü; veri kaybı olabilir
D:\projects\SFMLProject\SFMLProject\Raycasting.h(133,64): warning C4244: '=': 'double' - 'float' dönüşümü; veri kaybı olabilir
D:\projects\SFMLProject\SFMLProject\Raycasting.h(134,26): warning C4244: 'bağımsız değişken': 'float' - 'int' dönüşümü; veri kaybı olabilir
D:\projects\SFMLProject\SFMLProject\Raycasting.h(134,70): warning C4244: '=': 'int' - 'float' dönüşümü; veri kaybı olabilir
D:\projects\SFMLProject\SFMLProject\Raycasting.h(140,96): warning C4244: 'bağımsız değişken': 'float' - 'int' dönüşümü; veri kaybı olabilir
D:\projects\SFMLProject\SFMLProject\Raycasting.h(140,128): warning C4244: 'bağımsız değişken': 'float' - 'int' dönüşümü; veri kaybı olabilir
D:\projects\SFMLProject\SFMLProject\Raycasting.h(144,1): warning C4305: 'bağımsız değişken': 'double' iken 'GLfloat' olarak kesildi
D:\projects\SFMLProject\SFMLProject\Raycasting.h(145,1): warning C4305: 'bağımsız değişken': 'double' iken 'GLfloat' olarak kesildi
D:\projects\SFMLProject\SFMLProject\Raycasting.h(146,54): warning C4244: 'bağımsız değişken': 'float' - 'GLint' dönüşümü; veri kaybı olabilir
D:\projects\SFMLProject\SFMLProject\Raycasting.h(146,50): warning C4244: 'bağımsız değişken': 'float' - 'GLint' dönüşümü; veri kaybı olabilir
D:\projects\SFMLProject\SFMLProject\Raycasting.h(146,74): warning C4244: 'bağımsız değişken': 'float' - 'GLint' dönüşümü; veri kaybı olabilir
D:\projects\SFMLProject\SFMLProject\Raycasting.h(146,70): warning C4244: 'bağımsız değişken': 'float' - 'GLint' dönüşümü; veri kaybı olabilir
D:\projects\SFMLProject\SFMLProject\Raycasting.h(148,25): warning C4244: 'bağımsız değişken': 'float' - 'int' dönüşümü; veri kaybı olabilir
D:\projects\SFMLProject\SFMLProject\Raycasting.h(149,14): warning C4244: 'başlatılıyor': 'float' - 'int' dönüşümü; veri kaybı olabilir
D:\projects\SFMLProject\SFMLProject\Raycasting.h(154,22): warning C4244: 'bağımsız değişken': 'float' - 'int' dönüşümü; veri kaybı olabilir
D:\projects\SFMLProject\SFMLProject\Raycasting.h(154,18): warning C4244: '=': 'int' - 'float' dönüşümü; veri kaybı olabilir
D:\projects\SFMLProject\SFMLProject\Raycasting.h(188,33): warning C4244: 'bağımsız değişken': 'float' - 'int' dönüşümü; veri kaybı olabilir
D:\projects\SFMLProject\SFMLProject\Raycasting.h(188,31): warning C4244: '=': 'int' - 'float' dönüşümü; veri kaybı olabilir
D:\projects\SFMLProject\SFMLProject\Raycasting.h(188,61): warning C4244: 'bağımsız değişken': 'float' - 'int' dönüşümü; veri kaybı olabilir
D:\projects\SFMLProject\SFMLProject\Raycasting.h(188,91): warning C4244: 'bağımsız değişken': 'float' - 'int' dönüşümü; veri kaybı olabilir
D:\projects\SFMLProject\SFMLProject\Raycasting.h(192,33): warning C4244: 'bağımsız değişken': 'float' - 'int' dönüşümü; veri kaybı olabilir
D:\projects\SFMLProject\SFMLProject\Raycasting.h(192,31): warning C4244: '=': 'int' - 'float' dönüşümü; veri kaybı olabilir
D:\projects\SFMLProject\SFMLProject\Raycasting.h(192,61): warning C4244: 'bağımsız değişken': 'float' - 'int' dönüşümü; veri kaybı olabilir
D:\projects\SFMLProject\SFMLProject\Raycasting.h(192,91): warning C4244: 'bağımsız değişken': 'float' - 'int' dönüşümü; veri kaybı olabilir
D:\projects\SFMLProject\SFMLProject\Raycasting.h(219,1): warning C4305: 'bağımsız değişken': 'double' iken 'GLclampf' olarak kesildi
D:\projects\SFMLProject\SFMLProject\Raycasting.h(224,25): warning C4244: 'bağımsız değişken': 'float' - 'int' dönüşümü; veri kaybı olabilir
D:\projects\SFMLProject\SFMLProject\Raycasting.h(224,55): warning C4244: 'bağımsız değişken': 'float' - 'int' dönüşümü; veri kaybı olabilir
D:\projects\SFMLProject\SFMLProject\pongs.h(52,40): warning C4244: 'bağımsız değişken': 'float' - 'unsigned int' dönüşümü; veri kaybı olabilir
D:\projects\SFMLProject\SFMLProject\pongs.h(52,33): warning C4244: 'bağımsız değişken': 'float' - 'unsigned int' dönüşümü; veri kaybı olabilir
  SFMLProject.vcxproj -> D:\projects\SFMLProject\x64\Debug\SFMLProject.exe
